cpanm (App::cpanminus) 1.7044 on perl 5.030001 built for x86_64-linux-thread-multi
Work directory is /opt/app-root/src/.cpanm/work/1667342212.37
You have make /usr/bin/make
You have /usr/bin/wget
You have /usr/bin/tar: tar (GNU tar) 1.26
Copyright (C) 2011 Free Software Foundation, Inc.
License GPLv3+: GNU GPL version 3 or later <http://gnu.org/licenses/gpl.html>.
This is free software: you are free to change and redistribute it.
There is NO WARRANTY, to the extent permitted by law.

Written by John Gilmore and Jay Fenlason.
You have /usr/bin/unzip
Searching Module::CoreList () on cpanmetadb ...
--> Working on Module::CoreList
Fetching http://www.cpan.org/authors/id/B/BI/BINGOS/Module-CoreList-5.20221020.tar.gz
-> OK
Unpacking Module-CoreList-5.20221020.tar.gz
Entering Module-CoreList-5.20221020
Checking configure dependencies from META.json
Checking if you have ExtUtils::MakeMaker 6.58 ... Yes (7.42)
Configuring Module-CoreList-5.20221020
Running Makefile.PL
Checking if your kit is complete...
Looks good
Generating a Unix-style Makefile
Writing Makefile for Module::CoreList
Writing MYMETA.yml and MYMETA.json
-> OK
Checking dependencies from MYMETA.json ...
Checking if you have version 0.88 ... Yes (0.9924)
Checking if you have List::Util 0 ... Yes (1.53)
Checking if you have ExtUtils::MakeMaker 0 ... Yes (7.42)
Checking if you have Test::More 0 ... Yes (1.302170)
Building Module-CoreList-5.20221020
cp lib/Module/CoreList.pm blib/lib/Module/CoreList.pm
cp lib/Module/CoreList.pod blib/lib/Module/CoreList.pod
cp lib/Module/CoreList/Utils.pm blib/lib/Module/CoreList/Utils.pm
cp corelist blib/script/corelist
"/opt/rh/rh-perl530/root/usr/bin/perl" -MExtUtils::MY -e 'MY->fixin(shift)' -- blib/script/corelist
Manifying 1 pod document
Manifying 2 pod documents
Manifying 1 pod document
Manifying 2 pod documents
Installing /opt/app-root/src/extlib/lib/perl5/Module/CoreList.pm
Installing /opt/app-root/src/extlib/lib/perl5/Module/CoreList.pod
Installing /opt/app-root/src/extlib/lib/perl5/Module/CoreList/Utils.pm
Installing /opt/app-root/src/extlib/man/man1/corelist.1
Installing /opt/app-root/src/extlib/man/man3/Module::CoreList.3pm
Installing /opt/app-root/src/extlib/man/man3/Module::CoreList::Utils.3pm
Installing /opt/app-root/src/extlib/bin/corelist
Appending installation info to /opt/app-root/src/extlib/lib/perl5/x86_64-linux-thread-multi/perllocal.pod
-> OK
Successfully installed Module-CoreList-5.20221020 (upgraded from 5.20191220)
Installing /opt/app-root/src/extlib/lib/perl5/x86_64-linux-thread-multi/.meta/Module-CoreList-5.20221020/MYMETA.json
Installing /opt/app-root/src/extlib/lib/perl5/x86_64-linux-thread-multi/.meta/Module-CoreList-5.20221020/install.json
1 distribution installed
